Performing C++ SOURCE FILE Test CMAKE_HAVE_LIBC_PTHREAD failed with the following output:
Change Dir: /home/ksenia/cringe/client/build/CMakeFiles/CMakeTmp

Run Build Command(s):/usr/bin/make -f Makefile cmTC_81429/fast && /usr/bin/make  -f CMakeFiles/cmTC_81429.dir/build.make CMakeFiles/cmTC_81429.dir/build
make[1]: вход в каталог «/home/ksenia/cringe/client/build/CMakeFiles/CMakeTmp»
Building CXX object CMakeFiles/cmTC_81429.dir/src.cxx.o
/usr/bin/c++ -DCMAKE_HAVE_LIBC_PTHREAD  -std=gnu++1z -o CMakeFiles/cmTC_81429.dir/src.cxx.o -c /home/ksenia/cringe/client/build/CMakeFiles/CMakeTmp/src.cxx
Linking CXX executable cmTC_81429
/usr/bin/cmake -E cmake_link_script CMakeFiles/cmTC_81429.dir/link.txt --verbose=1
/usr/bin/c++ CMakeFiles/cmTC_81429.dir/src.cxx.o -o cmTC_81429 
CMakeFiles/cmTC_81429.dir/src.cxx.o: In function `main':
src.cxx:(.text+0x3e): undefined reference to `pthread_create'
src.cxx:(.text+0x4a): undefined reference to `pthread_detach'
src.cxx:(.text+0x56): undefined reference to `pthread_cancel'
src.cxx:(.text+0x67): undefined reference to `pthread_join'
src.cxx:(.text+0x7b): undefined reference to `pthread_atfork'
collect2: error: ld returned 1 exit status
CMakeFiles/cmTC_81429.dir/build.make:98: recipe for target 'cmTC_81429' failed
make[1]: *** [cmTC_81429] Error 1
make[1]: выход из каталога «/home/ksenia/cringe/client/build/CMakeFiles/CMakeTmp»
Makefile:127: recipe for target 'cmTC_81429/fast' failed
make: *** [cmTC_81429/fast] Error 2


Source file was:
#include <pthread.h>

static void* test_func(void* data)
{
  return data;
}

int main(void)
{
  pthread_t thread;
  pthread_create(&thread, NULL, test_func, NULL);
  pthread_detach(thread);
  pthread_cancel(thread);
  pthread_join(thread, NULL);
  pthread_atfork(NULL, NULL, NULL);
  pthread_exit(NULL);

  return 0;
}

Determining if the function pthread_create exists in the pthreads failed with the following output:
Change Dir: /home/ksenia/cringe/client/build/CMakeFiles/CMakeTmp

Run Build Command(s):/usr/bin/make -f Makefile cmTC_339e7/fast && /usr/bin/make  -f CMakeFiles/cmTC_339e7.dir/build.make CMakeFiles/cmTC_339e7.dir/build
make[1]: вход в каталог «/home/ksenia/cringe/client/build/CMakeFiles/CMakeTmp»
Building CXX object CMakeFiles/cmTC_339e7.dir/CheckFunctionExists.cxx.o
/usr/bin/c++   -DCHECK_FUNCTION_EXISTS=pthread_create -std=gnu++1z -o CMakeFiles/cmTC_339e7.dir/CheckFunctionExists.cxx.o -c /home/ksenia/cringe/client/build/CMakeFiles/CheckLibraryExists/CheckFunctionExists.cxx
Linking CXX executable cmTC_339e7
/usr/bin/cmake -E cmake_link_script CMakeFiles/cmTC_339e7.dir/link.txt --verbose=1
/usr/bin/c++  -DCHECK_FUNCTION_EXISTS=pthread_create CMakeFiles/cmTC_339e7.dir/CheckFunctionExists.cxx.o -o cmTC_339e7  -lpthreads 
/usr/bin/ld: cannot find -lpthreads
collect2: error: ld returned 1 exit status
CMakeFiles/cmTC_339e7.dir/build.make:98: recipe for target 'cmTC_339e7' failed
make[1]: *** [cmTC_339e7] Error 1
make[1]: выход из каталога «/home/ksenia/cringe/client/build/CMakeFiles/CMakeTmp»
Makefile:127: recipe for target 'cmTC_339e7/fast' failed
make: *** [cmTC_339e7/fast] Error 2



