Performing C++ SOURCE FILE Test CMAKE_HAVE_LIBC_PTHREAD failed with the following output:
Change Dir: /home/ksenia/cringe/client/cmake-build-debug/CMakeFiles/CMakeTmp

Run Build Command(s):/usr/bin/make -f Makefile cmTC_73627/fast && /usr/bin/make  -f CMakeFiles/cmTC_73627.dir/build.make CMakeFiles/cmTC_73627.dir/build
make[1]: вход в каталог «/home/ksenia/cringe/client/cmake-build-debug/CMakeFiles/CMakeTmp»
Building CXX object CMakeFiles/cmTC_73627.dir/src.cxx.o
/usr/bin/c++ -DCMAKE_HAVE_LIBC_PTHREAD  -std=gnu++1z -o CMakeFiles/cmTC_73627.dir/src.cxx.o -c /home/ksenia/cringe/client/cmake-build-debug/CMakeFiles/CMakeTmp/src.cxx
Linking CXX executable cmTC_73627
/snap/clion/177/bin/cmake/linux/bin/cmake -E cmake_link_script CMakeFiles/cmTC_73627.dir/link.txt --verbose=1
/usr/bin/c++ CMakeFiles/cmTC_73627.dir/src.cxx.o -o cmTC_73627 
CMakeFiles/cmTC_73627.dir/src.cxx.o: In function `main':
src.cxx:(.text+0x3e): undefined reference to `pthread_create'
src.cxx:(.text+0x4a): undefined reference to `pthread_detach'
src.cxx:(.text+0x56): undefined reference to `pthread_cancel'
src.cxx:(.text+0x67): undefined reference to `pthread_join'
src.cxx:(.text+0x7b): undefined reference to `pthread_atfork'
collect2: error: ld returned 1 exit status
CMakeFiles/cmTC_73627.dir/build.make:98: recipe for target 'cmTC_73627' failed
make[1]: *** [cmTC_73627] Error 1
make[1]: выход из каталога «/home/ksenia/cringe/client/cmake-build-debug/CMakeFiles/CMakeTmp»
Makefile:127: recipe for target 'cmTC_73627/fast' failed
make: *** [cmTC_73627/fast] Error 2


Source file was:
#include <pthread.h>

static void* test_func(void* data)
{
  return data;
}

int main(void)
{
  pthread_t thread;
  pthread_create(&thread, NULL, test_func, NULL);
  pthread_detach(thread);
  pthread_cancel(thread);
  pthread_join(thread, NULL);
  pthread_atfork(NULL, NULL, NULL);
  pthread_exit(NULL);

  return 0;
}

Determining if the function pthread_create exists in the pthreads failed with the following output:
Change Dir: /home/ksenia/cringe/client/cmake-build-debug/CMakeFiles/CMakeTmp

Run Build Command(s):/usr/bin/make -f Makefile cmTC_346b3/fast && /usr/bin/make  -f CMakeFiles/cmTC_346b3.dir/build.make CMakeFiles/cmTC_346b3.dir/build
make[1]: вход в каталог «/home/ksenia/cringe/client/cmake-build-debug/CMakeFiles/CMakeTmp»
Building CXX object CMakeFiles/cmTC_346b3.dir/CheckFunctionExists.cxx.o
/usr/bin/c++   -DCHECK_FUNCTION_EXISTS=pthread_create -std=gnu++1z -o CMakeFiles/cmTC_346b3.dir/CheckFunctionExists.cxx.o -c /home/ksenia/cringe/client/cmake-build-debug/CMakeFiles/CheckLibraryExists/CheckFunctionExists.cxx
Linking CXX executable cmTC_346b3
/snap/clion/177/bin/cmake/linux/bin/cmake -E cmake_link_script CMakeFiles/cmTC_346b3.dir/link.txt --verbose=1
/usr/bin/c++  -DCHECK_FUNCTION_EXISTS=pthread_create CMakeFiles/cmTC_346b3.dir/CheckFunctionExists.cxx.o -o cmTC_346b3  -lpthreads 
/usr/bin/ld: cannot find -lpthreads
collect2: error: ld returned 1 exit status
CMakeFiles/cmTC_346b3.dir/build.make:98: recipe for target 'cmTC_346b3' failed
make[1]: *** [cmTC_346b3] Error 1
make[1]: выход из каталога «/home/ksenia/cringe/client/cmake-build-debug/CMakeFiles/CMakeTmp»
Makefile:127: recipe for target 'cmTC_346b3/fast' failed
make: *** [cmTC_346b3/fast] Error 2



